2024-10-08 22:12:26,278 [INFO] Activator:176 - 


2024-10-08 22:12:26,279 [INFO] Activator:177 - !SESSION log4j initialized
2024-10-08 22:12:28,096 [INFO] LogOutputStream:77 - [STDOUT_REDIRECT] 
2024-10-08 22:12:29,412 [INFO] ApplicationProperties:184 - Using Application install path: C:\STM32CubeIDE_1.14.0\STM32CubeIDE\plugins\com.st.stm32cube.common.mx_6.12.1.202409122256
2024-10-08 22:12:29,420 [INFO] DbMcusXml:78 - Set database path to: C:\STM32CubeIDE_1.14.0\STM32CubeIDE\plugins\com.st.stm32cube.common.mx_6.12.1.202409122256\\db\/mcu/
2024-10-08 22:12:29,421 [INFO] ApiDb:274 - Set plugin database path to: C:\STM32CubeIDE_1.14.0\STM32CubeIDE\plugins\com.st.stm32cube.common.mx_6.12.1.202409122256\\db\/plugins/boardmanager/
2024-10-08 22:12:29,421 [WARN] ApiDb:259 - Overriding images path with different value:  => C:\STM32CubeIDE_1.14.0\STM32CubeIDE\plugins\com.st.stm32cube.common.mx_6.12.1.202409122256\\db\/plugins/mcufinder/images/
2024-10-08 22:12:29,426 [INFO] ApiDb:250 - Set database path to: C:\Users\Tamas\.stmcufinder\plugins\mcufinder//mcu/
2024-10-08 22:12:29,427 [INFO] DbMcusAds:125 - Set database path to: C:\Users\Tamas\.stmcufinder\plugins\mcufinder//mcu/
2024-10-08 22:12:29,429 [INFO] CrossReferenceDbSqlite:203 - Set database path to: C:\Users\Tamas\.stmcufinder\plugins\mcufinder//mcu/cs/
2024-10-08 22:12:29,485 [INFO] DbMcusXml:78 - Set database path to: C:\STM32CubeIDE_1.14.0\STM32CubeIDE\plugins\com.st.stm32cube.common.mx_6.12.1.202409122256\\db\/mcu/
2024-10-08 22:12:29,485 [INFO] ApiDb:274 - Set plugin database path to: C:\STM32CubeIDE_1.14.0\STM32CubeIDE\plugins\com.st.stm32cube.common.mx_6.12.1.202409122256\\db\/plugins/boardmanager/
2024-10-08 22:12:29,485 [INFO] ApiDb:261 - Set plugin images path to: C:\STM32CubeIDE_1.14.0\STM32CubeIDE\plugins\com.st.stm32cube.common.mx_6.12.1.202409122256\\db\/plugins/mcufinder/images/
2024-10-08 22:12:29,485 [WARN] DbFile:41 - Overriding database path with different value: C:\Users\Tamas\.stmcufinder\plugins\mcufinder/ => C:\Users\Tamas\.stmcufinder\plugins\mcufinder
2024-10-08 22:12:29,485 [INFO] ApiDb:250 - Set database path to: C:\Users\Tamas\.stmcufinder\plugins\mcufinder//mcu/
2024-10-08 22:12:29,486 [WARN] DbFile:41 - Overriding database path with different value: C:\Users\Tamas\.stmcufinder\plugins\mcufinder/ => C:\Users\Tamas\.stmcufinder\plugins\mcufinder
2024-10-08 22:12:29,486 [INFO] DbMcusAds:125 - Set database path to: C:\Users\Tamas\.stmcufinder\plugins\mcufinder//mcu/
2024-10-08 22:12:29,486 [WARN] DbFile:41 - Overriding database path with different value: C:\Users\Tamas\.stmcufinder\plugins\mcufinder/ => C:\Users\Tamas\.stmcufinder\plugins\mcufinder
2024-10-08 22:12:29,486 [WARN] DbFile:41 - Overriding database path with different value: C:\Users\Tamas\.stmcufinder\plugins\mcufinder/ => C:\Users\Tamas\.stmcufinder\plugins\mcufinder
2024-10-08 22:12:29,486 [INFO] CrossReferenceDbSqlite:203 - Set database path to: C:\Users\Tamas\.stmcufinder\plugins\mcufinder//mcu/cs/
2024-10-08 22:12:29,542 [INFO] MainPanel:268 - HeapMemory: 268435456
2024-10-08 22:12:29,596 [INFO] DbMcusXml:78 - Set database path to: C:\STM32CubeIDE_1.14.0\STM32CubeIDE\plugins\com.st.stm32cube.common.mx_6.12.1.202409122256\\db\/mcu/
2024-10-08 22:12:29,597 [INFO] ApiDb:274 - Set plugin database path to: C:\STM32CubeIDE_1.14.0\STM32CubeIDE\plugins\com.st.stm32cube.common.mx_6.12.1.202409122256\\db\/plugins/boardmanager/
2024-10-08 22:12:29,597 [INFO] ApiDb:261 - Set plugin images path to: C:\STM32CubeIDE_1.14.0\STM32CubeIDE\plugins\com.st.stm32cube.common.mx_6.12.1.202409122256\\db\/plugins/mcufinder/images/
2024-10-08 22:12:29,597 [WARN] DbFile:41 - Overriding database path with different value: C:\Users\Tamas\.stmcufinder\plugins\mcufinder/ => C:\Users\Tamas\.stmcufinder\plugins\mcufinder
2024-10-08 22:12:29,597 [INFO] ApiDb:250 - Set database path to: C:\Users\Tamas\.stmcufinder\plugins\mcufinder//mcu/
2024-10-08 22:12:29,597 [WARN] DbFile:41 - Overriding database path with different value: C:\Users\Tamas\.stmcufinder\plugins\mcufinder/ => C:\Users\Tamas\.stmcufinder\plugins\mcufinder
2024-10-08 22:12:29,597 [INFO] DbMcusAds:125 - Set database path to: C:\Users\Tamas\.stmcufinder\plugins\mcufinder//mcu/
2024-10-08 22:12:29,597 [WARN] DbFile:41 - Overriding database path with different value: C:\Users\Tamas\.stmcufinder\plugins\mcufinder/ => C:\Users\Tamas\.stmcufinder\plugins\mcufinder
2024-10-08 22:12:29,597 [WARN] DbFile:41 - Overriding database path with different value: C:\Users\Tamas\.stmcufinder\plugins\mcufinder/ => C:\Users\Tamas\.stmcufinder\plugins\mcufinder
2024-10-08 22:12:29,597 [INFO] CrossReferenceDbSqlite:203 - Set database path to: C:\Users\Tamas\.stmcufinder\plugins\mcufinder//mcu/cs/
2024-10-08 22:12:29,610 [INFO] ApplicationProperties:184 - Using Application install path: C:\STM32CubeIDE_1.14.0\STM32CubeIDE\plugins\com.st.stm32cube.common.mx_6.12.1.202409122256
2024-10-08 22:12:29,612 [INFO] PluginManage:196 - Search for loadable plugins [exclusion list=, ]
2024-10-08 22:12:29,613 [INFO] PluginManage:310 - Check plugin analytics
2024-10-08 22:12:29,744 [INFO] AnalyticsPlugin:253 - Accepted Software Licenses: 
2024-10-08 22:12:29,745 [INFO] AnalyticsPlugin:255 - Accepted CMSIS Pack Licenses: 
2024-10-08 22:12:29,745 [INFO] AnalyticsPlugin:257 - Accepted Firmware Licenses: 
2024-10-08 22:12:29,747 [INFO] PluginManage:359 - Loaded plugin analytics (category:tool,tabindex:-1)
2024-10-08 22:12:29,748 [INFO] PluginManage:310 - Check plugin cadmodel
2024-10-08 22:12:29,750 [INFO] CADModel:105 - Init CAD model plugin
2024-10-08 22:12:29,751 [INFO] PluginManage:359 - Loaded plugin cadmodel (category:power,tabindex:5)
2024-10-08 22:12:29,751 [INFO] PluginManage:310 - Check plugin clock
2024-10-08 22:12:29,757 [INFO] PluginManage:359 - Loaded plugin clock (category:base,tabindex:2)
2024-10-08 22:12:29,757 [INFO] PluginManage:310 - Check plugin ddr
2024-10-08 22:12:29,759 [INFO] PluginManage:359 - Loaded plugin ddr (category:tool,tabindex:6)
2024-10-08 22:12:29,759 [INFO] PluginManage:310 - Check plugin filemanager
2024-10-08 22:12:29,893 [INFO] PluginManage:359 - Loaded plugin filemanager (category:base,tabindex:10)
2024-10-08 22:12:29,894 [INFO] PluginManage:310 - Check plugin ipmanager
2024-10-08 22:12:29,899 [INFO] PluginManage:359 - Loaded plugin ipmanager (category:base,tabindex:5)
2024-10-08 22:12:29,899 [INFO] PluginManage:310 - Check plugin lpbam
2024-10-08 22:12:29,906 [INFO] PluginManage:359 - Loaded plugin lpbam (category:base,tabindex:0)
2024-10-08 22:12:29,906 [INFO] PluginManage:310 - Check plugin memorymap
2024-10-08 22:12:29,914 [INFO] PluginManage:359 - Loaded plugin memorymap (category:base,tabindex:4)
2024-10-08 22:12:29,914 [INFO] PluginManage:310 - Check plugin pinoutandconfiguration
2024-10-08 22:12:29,919 [INFO] PluginManage:359 - Loaded plugin pinoutandconfiguration (category:base,tabindex:1)
2024-10-08 22:12:29,919 [INFO] PluginManage:310 - Check plugin pinoutconfig
2024-10-08 22:12:29,990 [WARN] SupportedApi:132 - Cannot load RTOS API schema: s4s-elt-must-match.1: The content of 'definitions' must match (annotation?, (simpleType | complexType)?, (unique | key | keyref)*)). A problem was found starting at: attribute.
2024-10-08 22:12:30,102 [INFO] PluginManage:359 - Loaded plugin pinoutconfig (category:base,tabindex:0)
2024-10-08 22:12:30,102 [INFO] PluginManage:310 - Check plugin power
2024-10-08 22:12:30,108 [INFO] PluginManage:359 - Loaded plugin power (category:power,tabindex:4)
2024-10-08 22:12:30,108 [INFO] PluginManage:310 - Check plugin projectmanager
2024-10-08 22:12:30,121 [INFO] PluginManage:359 - Loaded plugin projectmanager (category:projectmanager,tabindex:4)
2024-10-08 22:12:30,121 [INFO] PluginManage:310 - Check plugin rif
2024-10-08 22:12:30,125 [INFO] PluginManage:359 - Loaded plugin rif (category:base,tabindex:3)
2024-10-08 22:12:30,126 [INFO] PluginManage:310 - Check plugin thirdparty
2024-10-08 22:12:30,210 [INFO] PluginManage:359 - Loaded plugin thirdparty (category:base,tabindex:-1)
2024-10-08 22:12:30,210 [WARN] IntegrityCheckThread:84 - waiting for thirdparty lock release [integrity check]
2024-10-08 22:12:30,211 [INFO] PluginManage:310 - Check plugin tools
2024-10-08 22:12:30,211 [INFO] IntegrityCheckThread:86 - entering critical section [integrity check]
2024-10-08 22:12:30,211 [INFO] ThirdPartyUpdaterWithRetryManager:70 - Updater plugin not ready yet. [1/15]
2024-10-08 22:12:30,213 [INFO] PluginManage:359 - Loaded plugin tools (category:base,tabindex:7)
2024-10-08 22:12:30,213 [INFO] PluginManage:310 - Check plugin tutovideos
2024-10-08 22:12:30,333 [INFO] PluginManage:359 - Loaded plugin tutovideos (category:base,tabindex:-1)
2024-10-08 22:12:30,334 [INFO] PluginManage:310 - Check plugin updater
2024-10-08 22:12:30,345 [INFO] PluginManage:359 - Loaded plugin updater (category:base,tabindex:12)
2024-10-08 22:12:30,345 [INFO] PluginManage:310 - Check plugin userauth
2024-10-08 22:12:30,349 [INFO] UserAuth:113 - Init User Auth plugin
2024-10-08 22:12:30,349 [INFO] PluginManage:359 - Loaded plugin userauth (category:base,tabindex:14)
2024-10-08 22:12:30,349 [INFO] PluginManage:283 - PluginManage : Loaded plugins [18]
2024-10-08 22:12:30,492 [INFO] PinOutPanel:1561 - setPackage(No Configuration,No Configuration)
2024-10-08 22:12:30,558 [INFO] CADModel:165 - CPN selected for project level
2024-10-08 22:12:30,558 [INFO] CADModel:114 - Register for checkConnection events
2024-10-08 22:12:30,568 [INFO] IPUIPlugin:80 - create IPUIPlugin
2024-10-08 22:12:30,569 [INFO] PluginManager:220 - loadIPPluginJar : add adc
2024-10-08 22:12:30,570 [INFO] IPUIPlugin:80 - create IPUIPlugin
2024-10-08 22:12:30,570 [INFO] PluginManager:220 - loadIPPluginJar : add aes
2024-10-08 22:12:30,572 [INFO] IPUIPlugin:80 - create IPUIPlugin
2024-10-08 22:12:30,572 [INFO] PluginManager:220 - loadIPPluginJar : add can
2024-10-08 22:12:30,573 [INFO] IPUIPlugin:80 - create IPUIPlugin
2024-10-08 22:12:30,573 [INFO] PluginManager:220 - loadIPPluginJar : add comp
2024-10-08 22:12:30,574 [INFO] IPUIPlugin:80 - create IPUIPlugin
2024-10-08 22:12:30,574 [INFO] PluginManager:220 - loadIPPluginJar : add cryp
2024-10-08 22:12:30,575 [INFO] IPUIPlugin:80 - create IPUIPlugin
2024-10-08 22:12:30,576 [INFO] PluginManager:220 - loadIPPluginJar : add ddr_ctrl_phy
2024-10-08 22:12:30,577 [INFO] IPUIPlugin:80 - create IPUIPlugin
2024-10-08 22:12:30,577 [INFO] PluginManager:220 - loadIPPluginJar : add dfsdm
2024-10-08 22:12:30,580 [INFO] IPUIPlugin:80 - create IPUIPlugin
2024-10-08 22:12:30,580 [INFO] PluginManager:220 - loadIPPluginJar : add dma
2024-10-08 22:12:30,582 [INFO] IPUIPlugin:80 - create IPUIPlugin
2024-10-08 22:12:30,582 [INFO] PluginManager:220 - loadIPPluginJar : add dma3
2024-10-08 22:12:30,583 [INFO] IPUIPlugin:80 - create IPUIPlugin
2024-10-08 22:12:30,583 [INFO] PluginManager:220 - loadIPPluginJar : add extmemmanager
2024-10-08 22:12:30,584 [INFO] IPUIPlugin:80 - create IPUIPlugin
2024-10-08 22:12:30,584 [INFO] PluginManager:220 - loadIPPluginJar : add fatfs
2024-10-08 22:12:30,587 [INFO] IPUIPlugin:80 - create IPUIPlugin
2024-10-08 22:12:30,587 [INFO] PluginManager:220 - loadIPPluginJar : add fmc
2024-10-08 22:12:30,590 [INFO] IPUIPlugin:80 - create IPUIPlugin
2024-10-08 22:12:30,590 [INFO] PluginManager:220 - loadIPPluginJar : add freertos
2024-10-08 22:12:30,591 [INFO] IPUIPlugin:80 - create IPUIPlugin
2024-10-08 22:12:30,591 [INFO] PluginManager:220 - loadIPPluginJar : add genericplugin
2024-10-08 22:12:30,592 [INFO] IPUIPlugin:80 - create IPUIPlugin
2024-10-08 22:12:30,592 [INFO] PluginManager:220 - loadIPPluginJar : add gfxmmu
2024-10-08 22:12:30,594 [INFO] IPUIPlugin:80 - create IPUIPlugin
2024-10-08 22:12:30,594 [INFO] PluginManager:220 - loadIPPluginJar : add gic
2024-10-08 22:12:30,598 [INFO] IPUIPlugin:80 - create IPUIPlugin
2024-10-08 22:12:30,598 [INFO] PluginManager:220 - loadIPPluginJar : add gpio
2024-10-08 22:12:30,599 [INFO] IPUIPlugin:80 - create IPUIPlugin
2024-10-08 22:12:30,599 [INFO] PluginManager:220 - loadIPPluginJar : add gtzc
2024-10-08 22:12:30,601 [INFO] IPUIPlugin:80 - create IPUIPlugin
2024-10-08 22:12:30,601 [INFO] PluginManager:220 - loadIPPluginJar : add hash
2024-10-08 22:12:30,602 [INFO] IPUIPlugin:80 - create IPUIPlugin
2024-10-08 22:12:30,602 [INFO] PluginManager:220 - loadIPPluginJar : add i2c
2024-10-08 22:12:30,604 [INFO] IPUIPlugin:80 - create IPUIPlugin
2024-10-08 22:12:30,604 [INFO] PluginManager:220 - loadIPPluginJar : add i2s
2024-10-08 22:12:30,605 [INFO] IPUIPlugin:80 - create IPUIPlugin
2024-10-08 22:12:30,605 [INFO] PluginManager:220 - loadIPPluginJar : add i3c
2024-10-08 22:12:30,607 [INFO] IPUIPlugin:80 - create IPUIPlugin
2024-10-08 22:12:30,607 [INFO] PluginManager:220 - loadIPPluginJar : add ipddr
2024-10-08 22:12:30,612 [INFO] IPUIPlugin:80 - create IPUIPlugin
2024-10-08 22:12:30,613 [INFO] PluginManager:220 - loadIPPluginJar : add linkedlist
2024-10-08 22:12:30,614 [INFO] IPUIPlugin:80 - create IPUIPlugin
2024-10-08 22:12:30,615 [INFO] PluginManager:220 - loadIPPluginJar : add lorawan
2024-10-08 22:12:30,615 [INFO] IPUIPlugin:80 - create IPUIPlugin
2024-10-08 22:12:30,615 [INFO] PluginManager:220 - loadIPPluginJar : add ltdc
2024-10-08 22:12:30,619 [INFO] IPUIPlugin:80 - create IPUIPlugin
2024-10-08 22:12:30,619 [INFO] PluginManager:220 - loadIPPluginJar : add mdma
2024-10-08 22:12:30,621 [INFO] IPUIPlugin:80 - create IPUIPlugin
2024-10-08 22:12:30,621 [INFO] PluginManager:220 - loadIPPluginJar : add nvic
2024-10-08 22:12:30,623 [INFO] IPUIPlugin:80 - create IPUIPlugin
2024-10-08 22:12:30,623 [INFO] PluginManager:220 - loadIPPluginJar : add opamp
2024-10-08 22:12:30,625 [INFO] IPUIPlugin:80 - create IPUIPlugin
2024-10-08 22:12:30,625 [INFO] PluginManager:220 - loadIPPluginJar : add openamp
2024-10-08 22:12:30,627 [INFO] IPUIPlugin:80 - create IPUIPlugin
2024-10-08 22:12:30,627 [INFO] PluginManager:220 - loadIPPluginJar : add pdm2pcm
2024-10-08 22:12:30,630 [INFO] IPUIPlugin:80 - create IPUIPlugin
2024-10-08 22:12:30,633 [INFO] PluginManager:220 - loadIPPluginJar : add plateformsettings
2024-10-08 22:12:30,634 [INFO] IPUIPlugin:80 - create IPUIPlugin
2024-10-08 22:12:30,634 [INFO] PluginManager:220 - loadIPPluginJar : add quadspi
2024-10-08 22:12:30,635 [INFO] IPUIPlugin:80 - create IPUIPlugin
2024-10-08 22:12:30,635 [INFO] PluginManager:220 - loadIPPluginJar : add radio
2024-10-08 22:12:30,637 [INFO] IPUIPlugin:80 - create IPUIPlugin
2024-10-08 22:12:30,637 [INFO] PluginManager:220 - loadIPPluginJar : add resmgrutility
2024-10-08 22:12:30,638 [INFO] IPUIPlugin:80 - create IPUIPlugin
2024-10-08 22:12:30,638 [INFO] PluginManager:220 - loadIPPluginJar : add sai
2024-10-08 22:12:30,639 [INFO] IPUIPlugin:80 - create IPUIPlugin
2024-10-08 22:12:30,639 [INFO] PluginManager:220 - loadIPPluginJar : add spi
2024-10-08 22:12:30,642 [INFO] IPUIPlugin:80 - create IPUIPlugin
2024-10-08 22:12:30,642 [INFO] PluginManager:220 - loadIPPluginJar : add stm32_wpan
2024-10-08 22:12:30,643 [INFO] IPUIPlugin:80 - create IPUIPlugin
2024-10-08 22:12:30,643 [INFO] PluginManager:220 - loadIPPluginJar : add tim
2024-10-08 22:12:30,645 [INFO] IPUIPlugin:80 - create IPUIPlugin
2024-10-08 22:12:30,645 [INFO] PluginManager:220 - loadIPPluginJar : add touchsensing
2024-10-08 22:12:30,647 [INFO] IPUIPlugin:80 - create IPUIPlugin
2024-10-08 22:12:30,647 [INFO] PluginManager:220 - loadIPPluginJar : add tracer_emb
2024-10-08 22:12:30,649 [INFO] IPUIPlugin:80 - create IPUIPlugin
2024-10-08 22:12:30,649 [INFO] PluginManager:220 - loadIPPluginJar : add ts
2024-10-08 22:12:30,650 [INFO] IPUIPlugin:80 - create IPUIPlugin
2024-10-08 22:12:30,650 [INFO] PluginManager:220 - loadIPPluginJar : add tsc
2024-10-08 22:12:30,651 [INFO] IPUIPlugin:80 - create IPUIPlugin
2024-10-08 22:12:30,651 [INFO] PluginManager:220 - loadIPPluginJar : add ucpd
2024-10-08 22:12:30,651 [INFO] IPUIPlugin:80 - create IPUIPlugin
2024-10-08 22:12:30,651 [INFO] PluginManager:220 - loadIPPluginJar : add usart
2024-10-08 22:12:30,653 [INFO] IPUIPlugin:80 - create IPUIPlugin
2024-10-08 22:12:30,653 [INFO] PluginManager:220 - loadIPPluginJar : add usbx
2024-10-08 22:12:30,764 [INFO] CADModel:165 - CPN selected for project level
2024-10-08 22:12:30,764 [INFO] CADModel:114 - Register for checkConnection events
2024-10-08 22:12:30,764 [FATAL] Updater:334 - Updater called before beeing initialized
2024-10-08 22:12:30,764 [ERROR] CADModel:125 - Updater not yet initialized, retry later 
2024-10-08 22:12:30,842 [INFO] CADModel:165 - CPN selected for project level
2024-10-08 22:12:30,842 [INFO] CADModel:114 - Register for checkConnection events
2024-10-08 22:12:30,842 [FATAL] Updater:334 - Updater called before beeing initialized
2024-10-08 22:12:30,842 [ERROR] CADModel:125 - Updater not yet initialized, retry later 
2024-10-08 22:12:30,844 [FATAL] Updater:334 - Updater called before beeing initialized
2024-10-08 22:12:30,919 [FATAL] Updater:334 - Updater called before beeing initialized
2024-10-08 22:12:30,922 [INFO] DbMcusAds:53 - JSON generation date=Fri Sep 20 09:04:23 EDT 2024 (1726837463113)
2024-10-08 22:12:30,922 [FATAL] Updater:334 - Updater called before beeing initialized
2024-10-08 22:12:30,950 [WARN] DetailPanel:346 - Failed to get advertising image, set to default
2024-10-08 22:12:31,028 [FATAL] Updater:334 - Updater called before beeing initialized
2024-10-08 22:12:31,029 [FATAL] Updater:334 - Updater called before beeing initialized
2024-10-08 22:12:31,029 [FATAL] Updater:334 - Updater called before beeing initialized
2024-10-08 22:12:31,029 [WARN] DetailPanel:346 - Failed to get advertising image, set to default
2024-10-08 22:12:31,030 [FATAL] Updater:334 - Updater called before beeing initialized
2024-10-08 22:12:31,065 [ERROR] Updater:1164 - MainUpdater not yet initialized. External WinMGr cannot be set.
2024-10-08 22:12:31,066 [INFO] Updater:1100 - Updater Version found : 6.12.1
2024-10-08 22:12:31,079 [INFO] ApplicationProperties:184 - Using Application install path: C:\STM32CubeIDE_1.14.0\STM32CubeIDE\plugins\com.st.stm32cube.common.mx_6.12.1.202409122256
2024-10-08 22:12:32,646 [ERROR] LogOutputStream:75 - [STDERR_REDIRECT] Oct 08, 2024 10:12:32 PM java.util.prefs.WindowsPreferences <init>
2024-10-08 22:12:32,647 [ERROR] LogOutputStream:75 - [STDERR_REDIRECT] WARNING: Could not open/create prefs root node Software\JavaSoft\Prefs at root 0xffffffff80000002. Windows RegCreateKeyEx(...) returned error code 5.
2024-10-08 22:12:32,648 [ERROR] LogOutputStream:75 - [STDERR_REDIRECT] 
2024-10-08 22:12:32,890 [INFO] MainUpdater:2873 - connection check result : 10
2024-10-08 22:12:32,891 [INFO] MainUpdater:290 - Updater Check For Update Now.
2024-10-08 22:12:32,891 [INFO] MicroXplorer:498 - Change Database Version : DB.6.0.121
2024-10-08 22:12:32,896 [INFO] McuFinderGlobals:63 - Set McuFinder mode to 2 (CubeIDE integrated)
2024-10-08 22:12:32,897 [INFO] UserAuth:417 - Internet connection configuration mode: 1
2024-10-08 22:12:32,908 [INFO] JxBrowserEngine:152 - Initiate JxBrowser Engine with user profile folder
2024-10-08 22:12:33,058 [INFO] CheckServerUpdateThread:120 - End of CheckServer Thread
2024-10-08 22:12:33,450 [INFO] WebApp:167 - Instantiating new browser for Auth
2024-10-08 22:12:33,494 [WARN] PackLoader:240 - Cannot read IP mode file for STMicroelectronics.FP-SNS-MOTENVWB1.1.4.0
2024-10-08 22:12:33,509 [WARN] PackLoader:240 - Cannot read IP mode file for STMicroelectronics.X-CUBE-SMBUS.2.1.0
2024-10-08 22:12:33,522 [WARN] PackLoader:240 - Cannot read IP mode file for STMicroelectronics.X-CUBE-WB05N.1.1.0
2024-10-08 22:12:33,528 [WARN] PackLoader:240 - Cannot read IP mode file for NimaLTD.I-CUBE-SPIF.2.3.2
2024-10-08 22:12:33,533 [WARN] PackLoader:240 - Cannot read IP mode file for STMicroelectronics.X-CUBE-TOUCHGFX.4.23.1
2024-10-08 22:12:33,536 [WARN] PackLoader:240 - Cannot read IP mode file for STMicroelectronics.X-CUBE-TOUCHGFX.4.23.0
2024-10-08 22:12:33,542 [WARN] PackLoader:240 - Cannot read IP mode file for STMicroelectronics.X-CUBE-TOUCHGFX.4.23.2
2024-10-08 22:12:33,571 [WARN] PackLoader:240 - Cannot read IP mode file for STMicroelectronics.X-CUBE-AZRTOS-F7.1.1.0
2024-10-08 22:12:33,585 [WARN] PackLoader:240 - Cannot read IP mode file for STMicroelectronics.FP-SNS-MOTENV1.4.3.2
2024-10-08 22:12:33,676 [WARN] PackLoader:240 - Cannot read IP mode file for STMicroelectronics.X-CUBE-MEMS1.11.0.0
2024-10-08 22:12:33,835 [WARN] PackLoader:240 - Cannot read IP mode file for NimaLTD.I-CUBE-WS28XX.3.0.0
2024-10-08 22:12:33,841 [WARN] PackLoader:240 - Cannot read IP mode file for STMicroelectronics.FP-SNS-FLIGHT1.5.0.2
2024-10-08 22:12:33,850 [WARN] PackLoader:240 - Cannot read IP mode file for STMicroelectronics.X-CUBE-DISPLAY.3.0.0
2024-10-08 22:12:33,865 [WARN] PackLoader:240 - Cannot read IP mode file for STMicroelectronics.X-CUBE-BLE1.7.0.0
2024-10-08 22:12:33,873 [WARN] PackLoader:240 - Cannot read IP mode file for STMicroelectronics.X-CUBE-NFC10.1.0.0
2024-10-08 22:12:33,883 [WARN] PackLoader:240 - Cannot read IP mode file for emotas.I-CUBE-CANOPEN.1.3.0
2024-10-08 22:12:33,887 [WARN] PackLoader:240 - Cannot read IP mode file for STMicroelectronics.X-CUBE-TOUCHGFX.4.22.0
2024-10-08 22:12:33,981 [WARN] PackLoader:240 - Cannot read IP mode file for STMicroelectronics.X-CUBE-TOUCHGFX.4.22.1
2024-10-08 22:12:34,022 [WARN] PackLoader:240 - Cannot read IP mode file for STMicroelectronics.X-CUBE-BLEMGR.3.1.0
2024-10-08 22:12:34,028 [WARN] PackLoader:240 - Cannot read IP mode file for STMicroelectronics.FP-SNS-SMARTAG2.1.2.0
2024-10-08 22:12:34,040 [INFO] LogOutputStream:77 - [STDOUT_REDIRECT] 1 : Invalid condition id : UX_CORESTACK_Condition cause : null
2024-10-08 22:12:34,040 [INFO] LogOutputStream:77 - [STDOUT_REDIRECT] 1 : Invalid condition id : UX_CORESTACK_Condition cause : null
2024-10-08 22:12:34,041 [INFO] LogOutputStream:77 - [STDOUT_REDIRECT] 1 : Invalid condition id : UX_CORESTACK_Condition cause : null
2024-10-08 22:12:34,042 [INFO] LogOutputStream:77 - [STDOUT_REDIRECT] 1 : Invalid condition id : UX_CORESTACK_Condition cause : null
2024-10-08 22:12:34,043 [INFO] LogOutputStream:77 - [STDOUT_REDIRECT] 1 : Invalid condition id : UX_CORESTACK_Condition cause : null
2024-10-08 22:12:34,045 [WARN] PackLoader:240 - Cannot read IP mode file for STMicroelectronics.X-CUBE-AZRTOS-WL.2.0.0
2024-10-08 22:12:34,050 [WARN] PackLoader:240 - Cannot read IP mode file for STMicroelectronics.FP-SNS-MOTENV1.5.0.0
2024-10-08 22:12:34,059 [WARN] PackLoader:240 - Cannot read IP mode file for wolfSSL.I-CUBE-wolfMQTT.1.19.0
2024-10-08 22:12:34,073 [WARN] PackLoader:240 - Cannot read IP mode file for WES.I-CUBE-Cesium.1.3.0
2024-10-08 22:12:34,083 [WARN] PackLoader:240 - Cannot read IP mode file for STMicroelectronics.X-CUBE-BLE2.3.3.0
2024-10-08 22:12:34,091 [WARN] PackLoader:240 - Cannot read IP mode file for STMicroelectronics.X-CUBE-NFC9.1.0.0
2024-10-08 22:12:34,100 [WARN] PackLoader:240 - Cannot read IP mode file for STMicroelectronics.X-CUBE-TCPP.4.1.0
2024-10-08 22:12:34,109 [WARN] PackLoader:240 - Cannot read IP mode file for STMicroelectronics.X-CUBE-ALGOBUILD.1.3.0
2024-10-08 22:12:34,134 [WARN] PackLoader:240 - Cannot read IP mode file for STMicroelectronics.X-CUBE-AZRTOS-G0.1.1.0
2024-10-08 22:12:34,153 [WARN] PackLoader:240 - Cannot read IP mode file for STMicroelectronics.X-CUBE-SAFEA1.1.2.2
2024-10-08 22:12:34,160 [WARN] PackLoader:240 - Cannot read IP mode file for STMicroelectronics.X-CUBE-NFC4.3.0.0
2024-10-08 22:12:34,164 [WARN] PackLoader:240 - Cannot read IP mode file for wolfSSL.I-CUBE-wolfMQTT.1.18.0
2024-10-08 22:12:34,172 [WARN] PackLoader:240 - Cannot read IP mode file for EmbeddedOffice.I-CUBE-FS-RTOS.1.0.1
2024-10-08 22:12:34,173 [ERROR] ConditionMgr:805 - Attr not supported : Dmpu
2024-10-08 22:12:34,173 [ERROR] ConditionMgr:805 - Attr not supported : Dmpu
2024-10-08 22:12:34,173 [ERROR] ConditionMgr:805 - Attr not supported : Dmpu
2024-10-08 22:12:34,173 [ERROR] ConditionMgr:805 - Attr not supported : Dmpu
2024-10-08 22:12:34,173 [ERROR] ConditionMgr:805 - Attr not supported : Dmpu
2024-10-08 22:12:34,173 [ERROR] ConditionMgr:805 - Attr not supported : Dmpu
2024-10-08 22:12:34,173 [ERROR] ConditionMgr:805 - Attr not supported : Dmpu
2024-10-08 22:12:34,173 [ERROR] ConditionMgr:805 - Attr not supported : Dmpu
2024-10-08 22:12:34,173 [ERROR] ConditionMgr:805 - Attr not supported : Dmpu
2024-10-08 22:12:34,174 [ERROR] ConditionMgr:805 - Attr not supported : Dmpu
2024-10-08 22:12:34,174 [ERROR] ConditionMgr:805 - Attr not supported : Dmpu
2024-10-08 22:12:34,174 [ERROR] ConditionMgr:805 - Attr not supported : Dmpu
2024-10-08 22:12:34,174 [ERROR] ConditionMgr:805 - Attr not supported : Dmpu
2024-10-08 22:12:34,174 [ERROR] ConditionMgr:805 - Attr not supported : Dmpu
2024-10-08 22:12:34,174 [ERROR] ConditionMgr:805 - Attr not supported : Dmpu
2024-10-08 22:12:34,174 [ERROR] ConditionMgr:805 - Attr not supported : Dmpu
2024-10-08 22:12:34,174 [ERROR] ConditionMgr:805 - Attr not supported : Dmpu
2024-10-08 22:12:34,174 [ERROR] ConditionMgr:805 - Attr not supported : Dmpu
2024-10-08 22:12:34,174 [ERROR] ConditionMgr:805 - Attr not supported : Dmpu
2024-10-08 22:12:34,174 [ERROR] ConditionMgr:805 - Attr not supported : Dmpu
2024-10-08 22:12:34,175 [ERROR] ConditionMgr:805 - Attr not supported : Dmpu
2024-10-08 22:12:34,175 [ERROR] ConditionMgr:805 - Attr not supported : Dmpu
2024-10-08 22:12:34,175 [ERROR] ConditionMgr:805 - Attr not supported : Dmpu
2024-10-08 22:12:34,175 [ERROR] ConditionMgr:805 - Attr not supported : Dmpu
2024-10-08 22:12:34,175 [ERROR] ConditionMgr:805 - Attr not supported : Dmpu
2024-10-08 22:12:34,175 [ERROR] ConditionMgr:805 - Attr not supported : Dmpu
2024-10-08 22:12:34,175 [ERROR] ConditionMgr:805 - Attr not supported : Dmpu
2024-10-08 22:12:34,175 [ERROR] ConditionMgr:805 - Attr not supported : Dmpu
2024-10-08 22:12:34,175 [ERROR] ConditionMgr:805 - Attr not supported : Dmpu
2024-10-08 22:12:34,175 [ERROR] ConditionMgr:805 - Attr not supported : Dmpu
2024-10-08 22:12:34,175 [ERROR] ConditionMgr:805 - Attr not supported : Dmpu
2024-10-08 22:12:34,176 [ERROR] ConditionMgr:805 - Attr not supported : Dmpu
2024-10-08 22:12:34,176 [ERROR] ConditionMgr:805 - Attr not supported : Dmpu
2024-10-08 22:12:34,176 [ERROR] ConditionMgr:805 - Attr not supported : Dmpu
2024-10-08 22:12:34,176 [ERROR] ConditionMgr:805 - Attr not supported : Dmpu
2024-10-08 22:12:34,176 [ERROR] ConditionMgr:805 - Attr not supported : Dmpu
2024-10-08 22:12:34,176 [ERROR] ConditionMgr:805 - Attr not supported : Dmpu
2024-10-08 22:12:34,178 [ERROR] ConditionMgr:805 - Attr not supported : Dmpu
2024-10-08 22:12:34,178 [ERROR] ConditionMgr:805 - Attr not supported : Dmpu
2024-10-08 22:12:34,178 [ERROR] ConditionMgr:805 - Attr not supported : Dmpu
2024-10-08 22:12:34,178 [ERROR] ConditionMgr:805 - Attr not supported : Dmpu
2024-10-08 22:12:34,179 [ERROR] ConditionMgr:805 - Attr not supported : Dmpu
2024-10-08 22:12:34,179 [ERROR] ConditionMgr:805 - Attr not supported : Dmpu
2024-10-08 22:12:34,179 [ERROR] ConditionMgr:805 - Attr not supported : Dmpu
2024-10-08 22:12:34,179 [ERROR] ConditionMgr:805 - Attr not supported : Dmpu
2024-10-08 22:12:34,179 [ERROR] ConditionMgr:805 - Attr not supported : Dmpu
2024-10-08 22:12:34,179 [ERROR] ConditionMgr:805 - Attr not supported : Dmpu
2024-10-08 22:12:34,179 [ERROR] ConditionMgr:805 - Attr not supported : Dmpu
2024-10-08 22:12:34,179 [ERROR] ConditionMgr:805 - Attr not supported : Dmpu
2024-10-08 22:12:34,179 [ERROR] ConditionMgr:805 - Attr not supported : Dmpu
2024-10-08 22:12:34,179 [ERROR] ConditionMgr:805 - Attr not supported : Dmpu
2024-10-08 22:12:34,179 [ERROR] ConditionMgr:805 - Attr not supported : Dmpu
2024-10-08 22:12:34,180 [ERROR] ConditionMgr:805 - Attr not supported : Dmpu
2024-10-08 22:12:34,180 [ERROR] ConditionMgr:805 - Attr not supported : Dmpu
2024-10-08 22:12:34,180 [ERROR] ConditionMgr:805 - Attr not supported : Dmpu
2024-10-08 22:12:34,180 [ERROR] ConditionMgr:805 - Attr not supported : Dmpu
2024-10-08 22:12:34,180 [ERROR] ConditionMgr:805 - Attr not supported : Dmpu
2024-10-08 22:12:34,180 [ERROR] ConditionMgr:805 - Attr not supported : Dmpu
2024-10-08 22:12:34,180 [ERROR] ConditionMgr:805 - Attr not supported : Dmpu
2024-10-08 22:12:34,180 [ERROR] ConditionMgr:805 - Attr not supported : Dmpu
2024-10-08 22:12:34,180 [ERROR] ConditionMgr:805 - Attr not supported : Dmpu
2024-10-08 22:12:34,180 [ERROR] ConditionMgr:805 - Attr not supported : Dmpu
2024-10-08 22:12:34,180 [ERROR] ConditionMgr:805 - Attr not supported : Dmpu
2024-10-08 22:12:34,181 [ERROR] ConditionMgr:805 - Attr not supported : Dmpu
2024-10-08 22:12:34,190 [WARN] PackLoader:240 - Cannot read IP mode file for STMicroelectronics.X-CUBE-BLEMGR.3.0.0
2024-10-08 22:12:34,201 [WARN] PackLoader:240 - Cannot read IP mode file for RealThread.X-CUBE-RT-Thread_Nano.4.1.1
2024-10-08 22:12:34,206 [WARN] PackLoader:240 - Cannot read IP mode file for STMicroelectronics.FP-ATR-SIGFOX1.3.2.0
2024-10-08 22:12:34,213 [WARN] PackLoader:240 - Cannot read IP mode file for wolfSSL.I-CUBE-wolfSSL.5.7.2
2024-10-08 22:12:34,220 [WARN] PackLoader:240 - Cannot read IP mode file for STMicroelectronics.X-CUBE-EEPRMA1.5.1.0
2024-10-08 22:12:34,231 [WARN] PackLoader:240 - Cannot read IP mode file for ITTIA_DB.I-CUBE-ITTIADB.8.9.0
2024-10-08 22:12:34,252 [INFO] WebApp:448 - Apply proxy settings
2024-10-08 22:12:34,253 [INFO] WebApp:533 - Chromium requires no authentication
2024-10-08 22:12:34,261 [INFO] WebApp:476 - Direct internet connection detected
2024-10-08 22:12:34,269 [WARN] PackLoader:240 - Cannot read IP mode file for SEGGER.I-CUBE-embOS.1.3.1
2024-10-08 22:12:34,286 [INFO] WebApp:869 - Register for checkConnection events
2024-10-08 22:12:34,287 [INFO] WebApp:448 - Apply proxy settings
2024-10-08 22:12:34,287 [INFO] WebApp:533 - Chromium requires no authentication
2024-10-08 22:12:34,287 [INFO] WebApp:476 - Direct internet connection detected
2024-10-08 22:12:34,316 [WARN] PackLoader:240 - Cannot read IP mode file for STMicroelectronics.X-CUBE-ALGOBUILD.1.4.0
2024-10-08 22:12:34,320 [WARN] PackLoader:240 - Cannot read IP mode file for STMicroelectronics.X-CUBE-AI.9.1.0
2024-10-08 22:12:34,344 [WARN] PackLoader:240 - Cannot read IP mode file for STMicroelectronics.X-CUBE-GNSS1.6.0.0
2024-10-08 22:12:34,357 [WARN] PackLoader:240 - Cannot read IP mode file for STMicroelectronics.X-CUBE-AZRTOS-F4.1.1.0
2024-10-08 22:12:34,362 [WARN] PackLoader:240 - Cannot read IP mode file for wolfSSL.I-CUBE-wolfSSL.5.6.4
2024-10-08 22:12:34,365 [WARN] PackLoader:240 - Cannot read IP mode file for STMicroelectronics.X-CUBE-ISPU.2.1.0
2024-10-08 22:12:34,370 [WARN] PackLoader:240 - Cannot read IP mode file for STMicroelectronics.X-CUBE-FREERTOS.1.2.0
2024-10-08 22:12:34,384 [WARN] PackLoader:240 - Cannot read IP mode file for STMicroelectronics.X-CUBE-AZRTOS-L5.2.0.0
2024-10-08 22:12:34,388 [WARN] PackLoader:240 - Cannot read IP mode file for STMicroelectronics.X-CUBE-EEPRMA1.4.2.0
2024-10-08 22:12:34,394 [WARN] PackLoader:240 - Cannot read IP mode file for STMicroelectronics.X-CUBE-NFC6.3.1.0
2024-10-08 22:12:34,401 [WARN] PackLoader:240 - Cannot read IP mode file for ITTIA_DB.I-CUBE-ITTIADB.8.8.0
2024-10-08 22:12:34,404 [WARN] PackLoader:240 - Cannot read IP mode file for STMicroelectronics.X-CUBE-DPower.1.2.0
2024-10-08 22:12:34,408 [WARN] PackLoader:240 - Cannot read IP mode file for STMicroelectronics.X-CUBE-AI.9.0.0
2024-10-08 22:12:34,412 [WARN] PackLoader:240 - Cannot read IP mode file for STMicroelectronics.X-CUBE-NFC7.1.0.1
2024-10-08 22:12:34,416 [WARN] PackLoader:240 - Cannot read IP mode file for wolfSSL.I-CUBE-wolfTPM.3.2.0
2024-10-08 22:12:34,423 [WARN] PackLoader:240 - Cannot read IP mode file for STMicroelectronics.X-CUBE-NFC6.3.0.0
2024-10-08 22:12:34,428 [WARN] PackLoader:240 - Cannot read IP mode file for STMicroelectronics.X-CUBE-AI.8.1.0
2024-10-08 22:12:34,453 [WARN] ConditionMgr:438 - getConditionDescription Invalid condition id : LAN8742 Phy interface Condition cause : null
2024-10-08 22:12:34,453 [WARN] PackLoader:240 - Cannot read IP mode file for STMicroelectronics.X-CUBE-AZRTOS-L4.2.0.0
2024-10-08 22:12:34,453 [WARN] ConditionMgr:1039 - genDependencies : Invalid condition id : LAN8742 Phy interface Condition cause : null
2024-10-08 22:12:34,454 [WARN] ConditionMgr:1039 - genDependencies : Invalid condition id : LAN8742 Phy interface Condition cause : null
2024-10-08 22:12:34,454 [WARN] ConditionMgr:1039 - genDependencies : Invalid condition id : LAN8742 Phy interface Condition cause : null
2024-10-08 22:12:34,456 [INFO] WebApp:220 - Starting web application
2024-10-08 22:12:34,456 [INFO] WebApp:578 - Web application path used C:\STM32CubeIDE_1.14.0\STM32CubeIDE\plugins\com.st.stm32cube.common.mx_6.12.1.202409122256\db\plugins\mcufinder\reactClient1\index.html
2024-10-08 22:12:34,461 [WARN] PackLoader:240 - Cannot read IP mode file for STMicroelectronics.X-CUBE-SFXS2LP1.4.0.0
2024-10-08 22:12:34,485 [WARN] PackLoader:240 - Cannot read IP mode file for STMicroelectronics.X-CUBE-AZRTOS-H7.3.3.0
2024-10-08 22:12:34,516 [WARN] PackLoader:240 - Cannot read IP mode file for STMicroelectronics.X-CUBE-IPS.3.0.0
2024-10-08 22:12:34,532 [WARN] ConditionMgr:438 - getConditionDescription Invalid condition id : UX DEVICE CLASS RTOS Condition cause : null
2024-10-08 22:12:34,532 [WARN] ConditionMgr:438 - getConditionDescription Invalid condition id : UX DEVICE CLASS RTOS Condition cause : null
2024-10-08 22:12:34,535 [WARN] PackLoader:240 - Cannot read IP mode file for STMicroelectronics.X-CUBE-AZRTOS-WB.2.0.0
2024-10-08 22:12:34,536 [WARN] ConditionMgr:1039 - genDependencies : Invalid condition id : UX DEVICE CLASS RTOS Condition cause : null
2024-10-08 22:12:34,536 [WARN] ConditionMgr:1039 - genDependencies : Invalid condition id : UX DEVICE CLASS RTOS Condition cause : null
2024-10-08 22:12:34,537 [WARN] ConditionMgr:1039 - genDependencies : Invalid condition id : UX DEVICE CLASS RTOS Condition cause : null
2024-10-08 22:12:34,537 [WARN] ConditionMgr:1039 - genDependencies : Invalid condition id : UX DEVICE CLASS RTOS Condition cause : null
2024-10-08 22:12:34,537 [WARN] ConditionMgr:1039 - genDependencies : Invalid condition id : UX DEVICE CLASS RTOS Condition cause : null
2024-10-08 22:12:34,544 [WARN] PackLoader:240 - Cannot read IP mode file for STMicroelectronics.X-CUBE-GNSS1.7.0.0
2024-10-08 22:12:34,552 [WARN] PackLoader:240 - Cannot read IP mode file for STMicroelectronics.FP-SNS-STBOX1.2.0.0
2024-10-08 22:12:34,561 [INFO] UserAuth:417 - Internet connection configuration mode: 1
2024-10-08 22:12:34,571 [WARN] PackLoader:240 - Cannot read IP mode file for STMicroelectronics.X-CUBE-SUBG2.5.0.0
2024-10-08 22:12:34,581 [WARN] PackLoader:240 - Cannot read IP mode file for Cesanta.I-CUBE-Mongoose.7.13.0
2024-10-08 22:12:34,598 [WARN] PackLoader:240 - Cannot read IP mode file for STMicroelectronics.X-CUBE-AZRTOS-G4.2.0.0
2024-10-08 22:12:34,603 [INFO] WebApp:186 - Connection restablished
2024-10-08 22:12:34,615 [WARN] PackLoader:240 - Cannot read IP mode file for Infineon.AIROC-Wi-Fi-Bluetooth-STM32.1.5.1
2024-10-08 22:12:34,624 [WARN] PackLoader:240 - Cannot read IP mode file for NimaLTD.I-CUBE-EE24.3.2.0
2024-10-08 22:12:34,628 [WARN] PackLoader:240 - Cannot read IP mode file for STMicroelectronics.FP-SNS-MOTENVWB1.1.3.1
2024-10-08 22:12:34,632 [WARN] PackLoader:240 - Cannot read IP mode file for STMicroelectronics.X-CUBE-ISPU.2.0.0
2024-10-08 22:12:34,638 [WARN] PackLoader:240 - Cannot read IP mode file for STMicroelectronics.X-CUBE-ALS.1.0.2
2024-10-08 22:12:34,689 [WARN] PackLoader:240 - Cannot read IP mode file for STMicroelectronics.X-CUBE-MEMS1.10.0.0
2024-10-08 22:12:34,835 [WARN] PackLoader:240 - Cannot read IP mode file for STMicroelectronics.X-CUBE-FREERTOS.1.1.0
2024-10-08 22:12:34,838 [WARN] PackLoader:240 - Cannot read IP mode file for STMicroelectronics.X-CUBE-TOUCHGFX.4.24.0
2024-10-08 22:12:34,842 [WARN] PackLoader:240 - Cannot read IP mode file for STMicroelectronics.X-CUBE-TOUCHGFX.4.24.1
2024-10-08 22:12:34,847 [WARN] PackLoader:240 - Cannot read IP mode file for portGmbH.I-Cube-SoM-uGOAL.1.1.0
2024-10-08 22:12:34,850 [WARN] PackLoader:240 - Cannot read IP mode file for STMicroelectronics.X-CUBE-ALS.1.0.1
2024-10-08 22:12:34,865 [WARN] PackLoader:240 - Cannot read IP mode file for STMicroelectronics.X-CUBE-AZRTOS-H7RS.1.0.0
2024-10-08 22:12:34,871 [WARN] PackLoader:240 - Cannot read IP mode file for STMicroelectronics.FP-ATR-ASTRA1.2.0.0
2024-10-08 22:12:34,883 [WARN] PackLoader:240 - Cannot read IP mode file for STMicroelectronics.X-CUBE-TOF1.3.4.2
2024-10-08 22:12:34,901 [WARN] PackLoader:240 - Cannot read IP mode file for STMicroelectronics.X-CUBE-TOF1.3.4.0
2024-10-08 22:12:34,914 [WARN] PackLoader:240 - Cannot read IP mode file for STMicroelectronics.X-CUBE-TOF1.3.4.1
2024-10-08 22:12:34,941 [WARN] PackLoader:240 - Cannot read IP mode file for STMicroelectronics.X-CUBE-AZRTOS-H7.3.2.0
2024-10-08 22:12:34,954 [WARN] PackLoader:240 - Cannot read IP mode file for Infineon.AIROC-Wi-Fi-Bluetooth-STM32.1.6.0
2024-10-08 22:12:34,965 [WARN] PackLoader:240 - Cannot read IP mode file for wolfSSL.I-CUBE-wolfSSH.1.4.17
2024-10-08 22:12:34,965 [INFO] ThirdParty:978 - Integrity check success = true
2024-10-08 22:12:34,966 [INFO] IntegrityCheckThread:100 - exiting critical section [integrity check]
2024-10-08 22:12:34,966 [INFO] IntegrityCheckThread:103 - End integrity checks thread
2024-10-08 22:12:40,547 [ERROR] LogOutputStream:75 - [STDERR_REDIRECT] 
2024-10-08 22:12:40,548 [ERROR] LogOutputStream:75 - [STDERR_REDIRECT] 
